2025-08-10 15:05:13 [ERROR]: POST /api/auth/register: Invalid login: 535-5.7.8 Username and Password not accepted. For more information, go to
535 5.7.8  https://support.google.com/mail/?p=BadCredentials 41be03b00d2f7-b424ca987desm15858336a12.40 - gsmtp {"code":"EAUTH","response":"535-5.7.8 Username and Password not accepted. For more information, go to\n535 5.7.8  https://support.google.com/mail/?p=BadCredentials 41be03b00d2f7-b424ca987desm15858336a12.40 - gsmtp","responseCode":535,"command":"AUTH PLAIN"}
2025-08-10 15:08:19 [ERROR]: POST /api/auth/register: Email already registered {"statusCode":400}
2025-08-10 15:08:26 [ERROR]: POST /api/auth/register: Email already registered {"statusCode":400}
2025-08-10 15:08:41 [ERROR]: POST /api/auth/register: Invalid login: 535-5.7.8 Username and Password not accepted. For more information, go to
535 5.7.8  https://support.google.com/mail/?p=BadCredentials d2e1a72fcca58-76bccfe50c8sm23902315b3a.120 - gsmtp {"code":"EAUTH","response":"535-5.7.8 Username and Password not accepted. For more information, go to\n535 5.7.8  https://support.google.com/mail/?p=BadCredentials d2e1a72fcca58-76bccfe50c8sm23902315b3a.120 - gsmtp","responseCode":535,"command":"AUTH PLAIN"}
2025-08-10 15:10:27 [ERROR]: POST /api/auth/register: Email already registered {"statusCode":400}
2025-08-10 15:12:22 [ERROR]: POST /api/auth/register: Email already registered {"statusCode":400}
2025-08-10 15:17:49 [ERROR]: POST /api/auth/register: Invalid login: 535-5.7.8 Username and Password not accepted. For more information, go to
535 5.7.8  https://support.google.com/mail/?p=BadCredentials d9443c01a7336-241e8ab3da8sm245180335ad.175 - gsmtp {"code":"EAUTH","response":"535-5.7.8 Username and Password not accepted. For more information, go to\n535 5.7.8  https://support.google.com/mail/?p=BadCredentials d9443c01a7336-241e8ab3da8sm245180335ad.175 - gsmtp","responseCode":535,"command":"AUTH PLAIN"}
2025-08-10 15:18:23 [ERROR]: POST /api/auth/register: Email already registered {"statusCode":400}
2025-08-10 15:19:09 [ERROR]: POST /api/auth/register: Invalid login: 535-5.7.8 Username and Password not accepted. For more information, go to
535 5.7.8  https://support.google.com/mail/?p=BadCredentials d2e1a72fcca58-76bccead450sm24039418b3a.54 - gsmtp {"code":"EAUTH","response":"535-5.7.8 Username and Password not accepted. For more information, go to\n535 5.7.8  https://support.google.com/mail/?p=BadCredentials d2e1a72fcca58-76bccead450sm24039418b3a.54 - gsmtp","responseCode":535,"command":"AUTH PLAIN"}
2025-08-20 12:13:06 [INFO]: Token:
2025-08-20 12:15:08 [INFO]: Token:
2025-08-20 12:16:41 [INFO]: Token:
2025-08-20 12:18:27 [INFO]: Token:
2025-08-20 13:24:09 [INFO]: Token:
2025-08-20 13:27:24 [INFO]: Token:
2025-08-20 13:29:25 [INFO]: Token:
2025-08-20 13:31:19 [INFO]: Token:
2025-08-20 13:31:49 [INFO]: Token:
2025-08-20 13:32:01 [INFO]: Token:
2025-08-20 13:32:50 [INFO]: Token:
2025-08-20 13:39:00 [INFO]: Token:
2025-08-20 13:41:11 [INFO]: Token:
2025-08-20 13:41:28 [INFO]: Token:
2025-08-20 13:42:09 [INFO]: Token:
2025-08-20 13:42:55 [INFO]: Token:
2025-08-20 13:43:13 [INFO]: Token:
2025-08-20 14:02:30 [INFO]: Token:
2025-08-20 14:06:49 [INFO]: Token:
2025-08-20 14:08:30 [INFO]: Token:
2025-08-20 14:09:02 [INFO]: Token:
2025-08-20 14:10:52 [INFO]: Token:
2025-08-20 17:29:37 [INFO]: Token:
2025-08-20 17:29:54 [INFO]: Token:
2025-08-20 17:30:14 [INFO]: Token:
2025-08-20 17:31:53 [INFO]: Token:
2025-08-20 17:32:16 [INFO]: Token:
2025-08-20 17:32:23 [INFO]: Token:
2025-08-20 17:32:34 [INFO]: Token:
2025-08-20 17:34:01 [INFO]: Token:
2025-08-20 17:34:13 [INFO]: Token:
2025-08-20 17:34:19 [INFO]: Token:
2025-08-20 17:47:42 [INFO]: Token:
2025-08-20 17:48:41 [INFO]: Token:
2025-08-20 17:49:23 [INFO]: Token:
2025-08-20 17:51:39 [INFO]: Token:
2025-08-20 17:52:04 [INFO]: Token:
2025-08-20 17:53:17 [INFO]: Token:
2025-08-20 17:53:19 [INFO]: Token:
2025-08-20 17:53:59 [INFO]: Token:
2025-08-20 17:54:00 [INFO]: Token:
2025-08-20 17:54:18 [INFO]: Token:
2025-08-20 19:01:10 [INFO]: Token:
2025-08-20 19:02:39 [INFO]: Token:
2025-08-20 19:10:29 [INFO]: Token:
2025-08-20 19:12:23 [INFO]: Token:
2025-08-20 19:14:28 [INFO]: Token:
2025-08-20 19:16:47 [INFO]: Token:
2025-08-20 19:17:03 [INFO]: Token:
2025-08-20 19:19:05 [INFO]: Token:
2025-08-20 19:20:11 [INFO]: Token:
2025-08-20 19:26:24 [INFO]: Token:
2025-08-20 19:26:42 [INFO]: Token:
2025-08-20 19:28:31 [INFO]: Token:
2025-08-20 19:28:54 [INFO]: Token:
2025-08-20 19:29:09 [INFO]: Token:
2025-08-20 19:30:20 [INFO]: Token:
2025-08-20 19:30:38 [INFO]: Token:
2025-08-20 19:30:48 [INFO]: Token:
2025-08-20 19:45:55 [INFO]: Token:
2025-08-20 19:46:20 [INFO]: Token:
2025-08-20 19:48:45 [INFO]: Token:
2025-08-20 19:48:54 [INFO]: Token:
2025-08-20 19:48:55 [INFO]: Token:
2025-08-20 19:49:09 [INFO]: Token:
2025-08-20 20:05:56 [INFO]: Token:
2025-08-20 20:19:35 [INFO]: Token:
2025-08-20 20:19:53 [INFO]: Token:
2025-08-20 20:20:09 [INFO]: Token:
2025-08-20 21:52:42 [INFO]: Token:
2025-08-20 21:53:55 [INFO]: Token:
2025-08-20 22:02:07 [INFO]: Token:
2025-08-20 22:12:08 [INFO]: Token:
2025-08-20 22:24:56 [INFO]: Token:
2025-08-20 22:25:04 [INFO]: Token:
2025-08-20 22:25:10 [INFO]: Token:
2025-08-20 22:25:35 [INFO]: Token:
2025-08-20 22:25:43 [INFO]: Token:
2025-08-20 22:25:50 [INFO]: Token:
2025-08-20 22:26:06 [INFO]: Token:
2025-08-20 22:26:19 [INFO]: Token:
2025-08-20 22:26:28 [INFO]: Token:
2025-08-21 07:27:01 [INFO]: Token:
2025-08-21 07:27:44 [INFO]: Token:
2025-08-21 07:27:51 [INFO]: Token:
2025-08-21 07:28:00 [INFO]: Token:
2025-08-21 08:14:12 [INFO]: Token:
2025-08-21 08:14:34 [INFO]: Token:
2025-08-21 08:15:51 [INFO]: Token:
2025-08-21 08:34:33 [INFO]: Token:
2025-08-21 08:34:35 [INFO]: Token:
2025-08-21 08:35:44 [INFO]: Token:
2025-08-21 08:44:13 [INFO]: Token:
2025-08-21 08:46:06 [INFO]: Token:
2025-08-21 08:46:27 [INFO]: Token:
2025-08-21 08:46:44 [INFO]: Token:
2025-08-21 08:48:04 [INFO]: Token:
2025-08-22 08:28:30 [INFO]: Token:
2025-08-22 08:29:10 [INFO]: Token:
2025-08-22 08:29:35 [INFO]: Token:
2025-08-22 08:30:06 [INFO]: Token:
2025-08-22 08:30:18 [INFO]: Token:
2025-08-22 08:30:53 [INFO]: Token:
2025-08-22 08:30:58 [INFO]: Token:
2025-08-22 08:31:10 [INFO]: Token:
2025-08-22 08:31:16 [INFO]: Token:
2025-08-22 08:37:38 [INFO]: Token:
2025-08-22 08:41:17 [INFO]: Token:
2025-08-22 08:41:34 [INFO]: Token:
2025-08-22 08:41:50 [INFO]: Token:
2025-08-22 08:41:55 [INFO]: Token:
2025-08-22 08:42:14 [INFO]: Token:
2025-08-22 08:42:22 [INFO]: Token:
2025-08-22 08:44:14 [INFO]: Token:
2025-08-22 08:47:13 [INFO]: Token:
2025-08-22 08:48:04 [INFO]: Token:
2025-08-22 08:48:38 [INFO]: Token:
2025-08-22 22:05:48 [INFO]: Token:
2025-08-26 08:21:46 [INFO]: Token:
2025-08-26 08:25:12 [INFO]: Token:
2025-08-26 08:26:17 [INFO]: Token:
2025-08-26 08:26:28 [INFO]: Token:
2025-08-26 08:27:13 [INFO]: Token:
2025-08-26 08:34:46 [INFO]: Token:
2025-08-26 08:34:58 [INFO]: Token:
2025-08-26 08:35:07 [INFO]: Token:
2025-08-26 08:35:30 [INFO]: Token:
2025-08-26 08:35:37 [INFO]: Token:
2025-08-26 08:36:57 [INFO]: Token:
2025-08-26 08:37:38 [INFO]: Token:
2025-08-26 08:37:44 [INFO]: Token:
2025-08-26 08:39:47 [INFO]: Token:
2025-08-26 08:40:08 [INFO]: Token:
2025-08-26 08:40:59 [INFO]: Token:
2025-08-26 08:41:15 [INFO]: Token:
2025-08-26 08:41:26 [INFO]: Token:
2025-08-26 08:41:48 [INFO]: Token:
2025-08-26 08:41:56 [INFO]: Token:
2025-08-26 08:42:12 [INFO]: Token:
2025-08-26 08:42:27 [INFO]: Token:
2025-08-26 08:42:52 [INFO]: Token:
2025-08-26 08:43:46 [INFO]: Token:
2025-08-26 08:44:25 [INFO]: Token:
2025-08-27 09:08:50 [INFO]: Token:
2025-08-27 09:14:29 [INFO]: Token:
2025-08-27 09:19:20 [INFO]: Token:
2025-08-27 10:38:01 [INFO]: Token:
2025-08-27 10:50:49 [INFO]: Token:
2025-08-27 10:51:35 [INFO]: Token:
2025-08-27 10:52:02 [INFO]: Token:
2025-08-27 11:10:00 [INFO]: Token:
2025-08-27 11:11:05 [INFO]: Token:
2025-08-27 11:14:31 [INFO]: Token:
2025-08-27 11:19:44 [INFO]: Token:
2025-08-27 11:20:50 [INFO]: Token:
2025-08-27 11:23:38 [INFO]: Token:
2025-08-27 11:24:09 [INFO]: Token:
2025-08-27 11:24:41 [INFO]: Token:
2025-08-27 11:27:36 [INFO]: Token:
2025-08-27 11:27:42 [INFO]: Token:
2025-08-27 11:34:09 [INFO]: Token:
2025-08-27 11:38:19 [INFO]: Token:
2025-08-27 11:38:59 [INFO]: Token:
2025-08-27 11:39:29 [INFO]: Token:
2025-08-27 11:41:06 [INFO]: Token:
2025-08-27 11:41:25 [INFO]: Token:
2025-08-27 11:41:47 [INFO]: Token:
2025-08-27 11:42:41 [INFO]: Token:
2025-08-27 11:42:48 [INFO]: Token:
2025-08-27 11:47:24 [INFO]: Token:
2025-08-27 13:01:41 [INFO]: Token:
2025-08-27 13:01:58 [INFO]: Token:
2025-08-27 13:02:38 [INFO]: Token:
2025-08-27 13:02:54 [INFO]: Token:
2025-08-28 06:43:03 [INFO]: Token:
2025-08-28 06:43:28 [INFO]: Token:
2025-08-28 06:44:33 [INFO]: Token:
2025-08-28 06:45:41 [INFO]: Token:
2025-08-28 06:48:00 [INFO]: Token:
2025-08-28 06:48:41 [INFO]: Token:
2025-08-28 07:14:32 [INFO]: Token:
2025-08-28 07:14:48 [INFO]: Token:
2025-08-28 07:17:35 [INFO]: Token:
2025-08-28 07:17:52 [INFO]: Token:
2025-08-28 07:22:42 [INFO]: Token:
2025-08-28 07:23:15 [INFO]: Token:
2025-08-28 07:23:50 [INFO]: Token:
2025-08-28 07:26:02 [INFO]: Token:
2025-08-28 07:43:18 [INFO]: Token:
2025-08-28 07:44:08 [INFO]: Token:
2025-08-28 07:44:45 [INFO]: Token:
2025-08-28 07:45:33 [INFO]: Token:
2025-08-28 07:48:03 [INFO]: Token:
2025-08-28 07:54:02 [INFO]: Token:
2025-08-28 07:54:26 [INFO]: Token:
2025-08-28 07:55:17 [INFO]: Token:
2025-08-28 07:57:19 [INFO]: Token:
2025-08-28 08:05:23 [INFO]: Token:
2025-08-28 08:05:33 [INFO]: Token:
2025-08-28 08:07:47 [INFO]: Token:
2025-08-28 08:08:21 [INFO]: Token:
2025-08-28 21:33:41 [INFO]: Token:
2025-08-28 22:05:55 [INFO]: Token:
2025-08-28 22:06:58 [INFO]: Token:
2025-08-28 22:10:48 [INFO]: Token:
2025-08-28 22:11:17 [INFO]: Token:
2025-08-28 22:12:23 [INFO]: Token:
2025-08-28 22:21:27 [INFO]: Token:
2025-08-28 22:25:07 [INFO]: Token:
2025-08-28 22:25:33 [INFO]: Token:
2025-08-28 22:27:23 [INFO]: Token:
2025-08-28 22:27:33 [INFO]: Token:
2025-08-28 22:28:21 [INFO]: Token:
2025-08-28 22:28:50 [INFO]: Token:
2025-08-28 22:29:03 [INFO]: Token:
2025-08-28 22:29:19 [INFO]: Token:
2025-08-29 10:53:30 [INFO]: Token:
2025-08-29 10:54:51 [INFO]: Token:
2025-08-29 10:55:12 [INFO]: Token:
2025-08-29 11:03:57 [INFO]: Token:
2025-08-29 11:04:32 [INFO]: Token:
2025-08-29 11:06:06 [INFO]: Token:
2025-08-29 12:18:29 [INFO]: Token:
2025-08-29 12:23:17 [INFO]: Token:
2025-08-29 12:29:18 [INFO]: Token:
2025-08-29 12:29:41 [INFO]: Token:
2025-08-29 13:23:15 [INFO]: Token:
2025-08-29 13:23:47 [INFO]: Token:
2025-08-29 13:23:57 [INFO]: Token:
2025-08-29 13:24:17 [INFO]: Token:
2025-08-29 13:26:29 [INFO]: Token:
2025-08-29 13:26:42 [INFO]: Token:
2025-08-29 13:28:40 [INFO]: Token:
2025-08-29 13:29:07 [INFO]: Token:
2025-08-29 13:30:11 [INFO]: Token:
2025-08-29 13:30:35 [INFO]: Token:
2025-08-29 13:31:00 [INFO]: Token:
2025-08-29 13:31:26 [INFO]: Token:
2025-08-29 13:32:36 [INFO]: Token:
2025-08-29 13:36:14 [INFO]: Token:
2025-08-29 13:36:45 [INFO]: Token:
2025-08-29 23:31:53 [INFO]: Token:
2025-08-29 23:33:15 [INFO]: Token:
2025-08-29 23:34:01 [INFO]: Token:
2025-08-29 23:34:38 [INFO]: Token:
2025-08-29 23:35:39 [INFO]: Token:
2025-08-29 23:36:30 [INFO]: Token:
2025-08-29 23:37:36 [INFO]: Token:
2025-08-29 23:43:09 [INFO]: Token:
2025-08-29 23:48:43 [INFO]: Token:
2025-08-29 23:49:12 [INFO]: Token:
2025-08-29 23:49:41 [INFO]: Token:
2025-08-29 23:50:48 [INFO]: Token:
2025-08-29 23:50:55 [INFO]: Token:
2025-08-29 23:51:22 [INFO]: Token:
2025-08-29 23:51:56 [INFO]: Token:
2025-08-29 23:52:23 [INFO]: Token:
2025-08-29 23:52:30 [INFO]: Token:
2025-08-29 23:52:37 [INFO]: Token:
2025-08-29 23:52:52 [INFO]: Token:
2025-08-29 23:53:03 [INFO]: Token:
2025-08-29 23:53:08 [INFO]: Token:
2025-08-29 23:54:42 [INFO]: Token:
2025-08-30 00:01:49 [INFO]: Token:
2025-08-30 00:07:01 [INFO]: Token:
2025-08-30 00:07:29 [INFO]: Token:
2025-08-30 00:09:40 [INFO]: Token:
2025-08-30 00:10:20 [INFO]: Token:
2025-08-30 00:11:35 [INFO]: Token:
2025-08-30 00:11:46 [INFO]: Token:
2025-08-30 00:13:26 [INFO]: Token:
2025-08-30 00:14:10 [INFO]: Token:
2025-08-30 00:14:36 [INFO]: Token:
2025-08-30 00:16:19 [INFO]: Token:
2025-08-30 00:17:12 [INFO]: Token:
2025-08-30 00:17:34 [INFO]: Token:
2025-08-30 00:18:02 [INFO]: Token:
2025-08-30 00:19:46 [INFO]: Token:
2025-08-30 00:23:03 [INFO]: Token:
2025-08-30 00:25:33 [INFO]: Token:
2025-08-30 00:26:51 [INFO]: Token:
2025-08-30 00:28:37 [INFO]: Token:
2025-08-30 00:29:02 [INFO]: Token:
2025-08-30 00:32:41 [INFO]: Token:
2025-08-30 00:32:49 [INFO]: Token:
2025-08-30 00:33:57 [INFO]: Token:
2025-08-30 00:35:21 [INFO]: Token:
2025-08-30 09:13:35 [INFO]: Token:
2025-08-30 09:13:55 [INFO]: Token:
2025-08-30 09:14:30 [INFO]: Token:
2025-08-30 09:14:40 [INFO]: Token:
2025-08-30 09:14:56 [INFO]: Token:
2025-08-30 09:15:03 [INFO]: Token:
2025-08-30 09:15:17 [INFO]: Token:
2025-08-30 09:15:24 [INFO]: Token:
2025-08-30 09:16:29 [INFO]: Token:
2025-08-30 09:16:47 [INFO]: Token:
2025-08-30 09:17:46 [INFO]: Token:
2025-08-30 09:18:13 [INFO]: Token:
2025-08-30 09:18:22 [INFO]: Token:
2025-08-30 09:18:37 [INFO]: Token:
2025-08-30 09:18:56 [INFO]: Token:
2025-08-30 09:19:05 [INFO]: Token:
2025-08-30 09:28:17 [INFO]: Token:
2025-08-30 09:29:25 [INFO]: Token:
2025-08-30 09:32:38 [INFO]: Token:
2025-08-30 09:37:43 [INFO]: Token:
2025-08-30 09:41:09 [INFO]: Token:
2025-08-30 09:41:32 [INFO]: Token:
2025-08-30 09:43:39 [INFO]: Token:
2025-08-30 09:44:46 [INFO]: Token:
2025-08-30 09:58:07 [INFO]: Token:
2025-08-30 09:58:19 [INFO]: Token:
2025-08-30 09:59:15 [INFO]: Token:
2025-08-30 10:00:40 [INFO]: Token:
2025-08-30 10:01:07 [INFO]: Token:
2025-08-30 10:03:24 [INFO]: Token:
2025-09-02 12:00:10 [INFO]: Token:
2025-09-02 12:00:12 [INFO]: Token:
2025-09-02 12:00:14 [INFO]: Token:
2025-09-02 12:00:23 [INFO]: Token:
2025-09-02 12:07:43 [INFO]: Token:
2025-09-02 12:13:56 [INFO]: Token:
2025-09-02 16:39:51 [INFO]: Token:
2025-09-02 16:46:28 [INFO]: Token:
2025-09-02 16:47:59 [INFO]: Token:
2025-09-02 16:48:37 [INFO]: Token:
2025-09-02 16:48:51 [INFO]: Token:
2025-09-02 16:52:27 [INFO]: Token:
2025-09-02 16:56:16 [INFO]: Token:
2025-09-02 16:57:20 [INFO]: Token:
2025-09-02 16:57:24 [INFO]: Token:
2025-09-02 16:57:26 [INFO]: Token:
2025-09-02 16:57:28 [INFO]: Token:
2025-09-02 16:57:30 [INFO]: Token:
2025-09-02 16:57:32 [INFO]: Token:
2025-09-02 17:33:02 [INFO]: Token:
2025-09-02 17:33:07 [INFO]: Token:
2025-09-02 17:33:53 [INFO]: Token:
2025-09-02 17:33:56 [INFO]: Token:
2025-09-02 17:35:43 [INFO]: Token:
2025-09-02 17:35:48 [INFO]: Token:
2025-09-02 17:40:18 [INFO]: Token:
2025-09-02 17:40:23 [INFO]: Token:
2025-09-02 17:40:39 [INFO]: Token:
2025-09-02 17:40:41 [INFO]: Token:
2025-09-02 17:41:48 [INFO]: Token:
2025-09-02 17:41:51 [INFO]: Token:
2025-09-02 17:41:54 [INFO]: Token:
2025-09-02 17:51:41 [INFO]: Token:
2025-09-02 17:52:02 [INFO]: Token:
2025-09-02 17:52:04 [INFO]: Token:
2025-09-02 17:54:28 [INFO]: Token:
2025-09-02 17:54:31 [INFO]: Token:
2025-09-02 17:55:51 [INFO]: Token:
2025-09-02 17:55:55 [INFO]: Token:
2025-09-02 17:55:59 [INFO]: Token:
2025-09-02 17:57:40 [INFO]: Token:
2025-09-02 17:57:45 [INFO]: Token:
2025-09-02 18:02:47 [INFO]: Token:
2025-09-02 18:04:14 [INFO]: Token:
2025-09-02 18:04:17 [INFO]: Token:
2025-09-02 18:06:12 [INFO]: Token:
2025-09-02 18:06:47 [INFO]: Token:
2025-09-02 18:06:54 [INFO]: Token:
2025-09-02 18:06:58 [INFO]: Token:
2025-09-02 18:09:18 [INFO]: Token:
2025-09-02 18:10:37 [INFO]: Token:
2025-09-02 18:10:49 [INFO]: Token:
2025-09-02 18:10:52 [INFO]: Token:
2025-09-02 18:10:58 [INFO]: Token:
2025-09-02 18:11:20 [INFO]: Token:
2025-09-02 18:12:56 [INFO]: Token:
2025-09-02 18:14:50 [INFO]: Token:
2025-09-02 18:14:53 [INFO]: Token:
2025-09-02 18:15:12 [INFO]: Token:
2025-09-02 18:15:16 [INFO]: Token:
2025-09-02 18:15:20 [INFO]: Token:
2025-09-02 18:15:25 [INFO]: Token:
2025-09-02 18:18:58 [INFO]: Token:
2025-09-02 18:19:01 [INFO]: Token:
2025-09-02 18:22:00 [INFO]: Token:
2025-09-02 18:22:09 [INFO]: Token:
2025-09-02 18:22:39 [INFO]: Token:
2025-09-02 18:22:40 [INFO]: Token:
2025-09-02 18:22:40 [INFO]: Token:
2025-09-02 18:22:44 [INFO]: Token:
2025-09-02 18:22:48 [INFO]: Token:
2025-09-02 18:22:55 [INFO]: Token:
2025-09-02 18:22:55 [INFO]: Token:
2025-09-02 18:23:00 [INFO]: Token:
2025-09-02 18:23:00 [INFO]: Token:
2025-09-02 18:23:11 [INFO]: Token:
2025-09-02 18:23:11 [INFO]: Token:
2025-09-02 18:23:12 [INFO]: Token:
2025-09-02 18:23:12 [INFO]: Token:
2025-09-02 18:23:17 [INFO]: Token:
2025-09-02 18:23:22 [INFO]: Token:
2025-09-02 18:25:11 [INFO]: Token:
2025-09-02 18:25:16 [INFO]: Token:
2025-09-02 18:27:00 [INFO]: Token:
2025-09-02 18:27:05 [INFO]: Token:
2025-09-02 18:27:10 [INFO]: Token:
2025-09-02 18:27:18 [INFO]: Token:
2025-09-02 18:27:20 [INFO]: Token:
2025-09-02 18:27:26 [INFO]: Token:
2025-09-02 18:27:28 [INFO]: Token:
2025-09-02 18:27:34 [INFO]: Token:
2025-09-02 18:27:41 [INFO]: Token:
2025-09-02 18:27:48 [INFO]: Token:
2025-09-02 18:28:05 [INFO]: Token:
2025-09-02 18:28:11 [INFO]: Token:
2025-09-02 18:28:28 [INFO]: Token:
2025-09-02 18:28:34 [INFO]: Token:
2025-09-02 18:31:29 [INFO]: Token:
2025-09-02 18:31:36 [INFO]: Token:
2025-09-02 18:34:45 [INFO]: Token:
2025-09-02 18:34:47 [INFO]: Token:
2025-09-02 18:35:52 [INFO]: Token:
2025-09-02 18:35:58 [INFO]: Token:
2025-09-02 18:36:03 [INFO]: Token:
2025-09-02 18:37:14 [INFO]: Token:
2025-09-02 18:39:17 [INFO]: Token:
2025-09-02 18:39:23 [INFO]: Token:
2025-09-02 18:39:24 [INFO]: Token:
2025-09-02 18:42:35 [INFO]: Token:
2025-09-02 18:42:45 [INFO]: Token:
2025-09-02 18:42:59 [INFO]: Token:
2025-09-02 18:43:07 [INFO]: Token:
2025-09-02 18:43:09 [INFO]: Token:
2025-09-02 18:43:54 [INFO]: Token:
2025-09-02 19:13:15 [INFO]: Token:
2025-09-02 19:13:29 [INFO]: Token:
2025-09-02 19:13:44 [INFO]: Token:
2025-09-02 19:14:02 [INFO]: Token:
2025-09-02 19:14:40 [INFO]: Token:
2025-09-02 19:14:57 [INFO]: Token:
2025-09-02 19:15:07 [INFO]: Token:
2025-09-02 19:15:10 [INFO]: Token:
2025-09-02 19:15:18 [INFO]: Token:
2025-09-02 19:15:27 [INFO]: Token:
2025-09-02 19:16:02 [INFO]: Token:
2025-09-02 19:16:09 [INFO]: Token:
2025-09-02 19:16:19 [INFO]: Token:
2025-09-02 21:31:32 [INFO]: Token:
2025-09-02 21:31:32 [INFO]: Token:
2025-09-02 21:31:35 [INFO]: Token:
2025-09-02 21:31:35 [INFO]: Token:
2025-09-02 21:37:58 [INFO]: Token:
2025-09-02 21:37:58 [INFO]: Token:
2025-09-02 21:38:24 [INFO]: Token:
2025-09-02 21:38:27 [INFO]: Token:
2025-09-02 21:39:40 [INFO]: Token:
2025-09-02 21:39:47 [INFO]: Token:
2025-09-02 21:39:50 [INFO]: Token:
2025-09-02 21:42:29 [INFO]: Token:
2025-09-02 21:42:38 [INFO]: Token:
2025-09-02 21:43:32 [INFO]: Token:
2025-09-02 21:43:37 [INFO]: Token:
2025-09-02 21:43:41 [INFO]: Token:
2025-09-02 21:43:44 [INFO]: Token:
2025-09-02 21:43:48 [INFO]: Token:
2025-09-02 21:44:08 [INFO]: Token:
2025-09-02 21:45:14 [INFO]: Token:
2025-09-02 21:45:17 [INFO]: Token:
2025-09-02 21:46:02 [INFO]: Token:
2025-09-02 21:46:05 [INFO]: Token:
2025-09-02 21:47:12 [INFO]: Token:
2025-09-02 21:47:16 [INFO]: Token:
2025-09-02 21:47:19 [INFO]: Token:
2025-09-02 21:48:08 [INFO]: Token:
2025-09-02 21:48:11 [INFO]: Token:
2025-09-02 21:48:30 [INFO]: Token:
2025-09-02 21:48:48 [INFO]: Token:
2025-09-02 21:48:54 [INFO]: Token:
2025-09-02 21:48:58 [INFO]: Token:
2025-09-02 21:49:08 [INFO]: Token:
2025-09-02 21:53:19 [INFO]: Token:
2025-09-02 21:53:24 [INFO]: Token:
2025-09-02 21:54:02 [INFO]: Token:
2025-09-02 21:54:06 [INFO]: Token:
2025-09-02 21:54:12 [INFO]: Token:
2025-09-02 21:54:26 [INFO]: Token:
2025-09-02 21:54:49 [INFO]: Token:
2025-09-02 21:59:51 [INFO]: Token:
2025-09-02 21:59:54 [INFO]: Token:
2025-09-02 22:00:00 [INFO]: Token:
2025-09-02 22:00:08 [INFO]: Token:
2025-09-02 22:00:17 [INFO]: Token:
2025-09-02 22:00:29 [INFO]: Token:
2025-09-02 22:00:41 [INFO]: Token:
2025-09-02 22:06:21 [INFO]: Token:
2025-09-02 22:06:27 [INFO]: Token:
2025-09-02 22:06:27 [INFO]: Token:
2025-09-02 22:06:33 [INFO]: Token:
2025-09-02 22:06:36 [INFO]: Token:
2025-09-02 22:06:38 [INFO]: Token:
2025-09-02 22:22:40 [INFO]: Token:
2025-09-02 22:22:47 [INFO]: Token:
2025-09-02 22:22:56 [INFO]: Token:
2025-09-02 22:23:02 [INFO]: Token:
2025-09-02 22:23:14 [INFO]: Token:
2025-09-02 22:23:18 [INFO]: Token:
2025-09-02 22:26:17 [INFO]: Token:
2025-09-02 22:26:21 [INFO]: Token:
2025-09-02 22:26:26 [INFO]: Token:
2025-09-02 22:28:55 [INFO]: Token:
2025-09-02 22:29:00 [INFO]: Token:
2025-09-02 22:29:17 [INFO]: Token:
2025-09-02 22:29:22 [INFO]: Token:
2025-09-02 22:29:27 [INFO]: Token:
2025-09-02 22:29:34 [INFO]: Token:
2025-09-02 22:29:38 [INFO]: Token:
2025-09-02 22:30:12 [INFO]: Token:
2025-09-02 22:31:30 [INFO]: Token:
2025-09-02 22:31:35 [INFO]: Token:
2025-09-02 22:31:40 [INFO]: Token:
2025-09-02 22:31:44 [INFO]: Token:
2025-09-02 22:32:35 [INFO]: Token:
2025-09-02 22:32:38 [INFO]: Token:
2025-09-02 22:32:41 [INFO]: Token:
2025-09-02 22:32:45 [INFO]: Token:
2025-09-02 22:35:03 [INFO]: Token:
2025-09-02 22:35:08 [INFO]: Token:
2025-09-02 22:35:11 [INFO]: Token:
2025-09-02 22:35:16 [INFO]: Token:
2025-09-03 09:48:07 [INFO]: Token:
2025-09-03 09:48:13 [INFO]: Token:
2025-09-03 09:53:09 [INFO]: Token:
2025-09-03 09:53:14 [INFO]: Token:
2025-09-03 09:57:12 [INFO]: Token:
2025-09-03 09:57:16 [INFO]: Token:
2025-09-03 10:14:33 [INFO]: Token:
2025-09-03 10:14:37 [INFO]: Token:
2025-09-03 10:14:42 [INFO]: Token:
2025-09-03 10:14:44 [INFO]: Token:
2025-09-03 11:43:17 [INFO]: Token:
2025-09-03 11:43:23 [INFO]: Token:
2025-09-03 11:46:33 [INFO]: Token:
2025-09-03 12:07:05 [INFO]: Token:
2025-09-03 12:07:13 [INFO]: Token:
2025-09-03 12:09:12 [INFO]: Token:
2025-09-03 12:22:44 [INFO]: Token:
2025-09-03 12:22:52 [INFO]: Token:
2025-09-03 12:23:04 [INFO]: Token:
2025-09-03 12:23:10 [INFO]: Token:
2025-09-03 12:23:11 [INFO]: Token:
2025-09-03 12:23:18 [INFO]: Token:
2025-09-03 12:23:21 [INFO]: Token:
2025-09-03 12:23:37 [INFO]: Token:
2025-09-03 12:23:45 [INFO]: Token:
2025-09-03 12:25:53 [INFO]: Token:
2025-09-03 12:25:56 [INFO]: Token:
2025-09-03 12:32:10 [INFO]: Token:
2025-09-03 12:32:12 [INFO]: Token:
2025-09-03 12:32:15 [INFO]: Token:
2025-09-03 12:32:17 [INFO]: Token:
2025-09-03 12:32:20 [INFO]: Token:
2025-09-03 12:32:22 [INFO]: Token:
2025-09-03 12:32:24 [INFO]: Token:
2025-09-03 12:32:27 [INFO]: Token:
2025-09-03 12:32:30 [INFO]: Token:
2025-09-03 12:33:02 [INFO]: Token:
2025-09-03 16:32:27 [INFO]: Token:
2025-09-03 16:32:30 [INFO]: Token:
2025-09-03 16:34:55 [INFO]: Token:
2025-09-03 16:34:55 [INFO]: Token:
2025-09-03 16:56:53 [INFO]: Token:
2025-09-03 16:56:56 [INFO]: Token:
2025-09-03 17:04:11 [INFO]: Token:
2025-09-03 17:04:13 [INFO]: Token:
2025-09-03 17:04:38 [INFO]: Token:
2025-09-03 17:04:41 [INFO]: Token:
2025-09-03 19:23:17 [INFO]: Token:
2025-09-03 19:23:23 [INFO]: Token:
2025-09-03 19:42:20 [INFO]: Token:
2025-09-03 19:42:22 [INFO]: Token:
2025-09-03 19:58:18 [INFO]: Token:
2025-09-03 19:58:21 [INFO]: Token:
2025-09-03 19:58:31 [INFO]: Token:
2025-09-03 19:58:33 [INFO]: Token:
2025-09-03 19:59:24 [INFO]: Token:
2025-09-03 19:59:27 [INFO]: Token:
2025-09-03 20:25:16 [INFO]: Token:
2025-09-03 20:25:21 [INFO]: Token:
2025-09-03 20:25:26 [INFO]: Token:
2025-09-03 20:29:32 [INFO]: Token:
2025-09-03 20:29:34 [INFO]: Token:
2025-09-03 20:29:36 [INFO]: Token:
2025-09-03 20:29:39 [INFO]: Token:
2025-09-03 20:29:42 [INFO]: Token:
2025-09-03 20:29:45 [INFO]: Token:
2025-09-03 20:41:29 [INFO]: Token:
2025-09-03 20:41:34 [INFO]: Token:
2025-09-03 20:41:50 [INFO]: Token:
2025-09-03 20:43:42 [INFO]: Token:
2025-09-03 20:49:00 [INFO]: Token:
2025-09-03 20:49:12 [INFO]: Token:
2025-09-03 20:49:15 [INFO]: Token:
2025-09-03 20:49:22 [INFO]: Token:
2025-09-03 20:55:27 [INFO]: Token:
2025-09-03 20:55:33 [INFO]: Token:
2025-09-03 20:55:39 [INFO]: Token:
2025-09-03 21:03:15 [INFO]: Token:
2025-09-03 21:05:36 [INFO]: Token:
2025-09-03 21:05:41 [INFO]: Token:
2025-09-03 21:05:45 [INFO]: Token:
2025-09-03 21:05:46 [INFO]: Token:
2025-09-03 21:07:21 [INFO]: Token:
2025-09-03 21:07:29 [INFO]: Token:
2025-09-03 21:07:44 [INFO]: Token:
2025-09-03 21:09:05 [INFO]: Token:
2025-09-03 21:09:10 [INFO]: Token:
2025-09-03 21:09:13 [INFO]: Token:
2025-09-03 21:09:20 [INFO]: Token:
2025-09-03 21:16:13 [INFO]: Token:
2025-09-03 21:16:17 [INFO]: Token:
2025-09-03 21:16:27 [INFO]: Token:
2025-09-03 21:17:42 [INFO]: Token:
2025-09-03 21:18:49 [INFO]: Token:
2025-09-03 21:19:41 [INFO]: Token:
2025-09-03 21:21:30 [INFO]: Token:
2025-09-03 21:21:36 [INFO]: Token:
2025-09-03 21:21:42 [INFO]: Token:
2025-09-03 21:22:03 [INFO]: Token:
2025-09-03 21:25:16 [INFO]: Token:
2025-09-03 21:55:19 [INFO]: Token:
2025-09-03 21:55:22 [INFO]: Token:
2025-09-03 21:55:30 [INFO]: Token:
2025-09-03 22:00:51 [INFO]: Token:
2025-09-03 22:02:59 [INFO]: Token:
2025-09-03 22:03:02 [INFO]: Token:
2025-09-03 22:03:07 [INFO]: Token:
2025-09-03 22:03:58 [INFO]: Token:
2025-09-03 22:04:01 [INFO]: Token:
2025-09-03 22:04:15 [INFO]: Token:
2025-09-03 22:04:19 [INFO]: Token:
2025-09-03 22:04:22 [INFO]: Token:
2025-09-03 22:04:25 [INFO]: Token:
2025-09-03 22:04:30 [INFO]: Token:
2025-09-03 22:04:33 [INFO]: Token:
2025-09-03 22:08:28 [INFO]: Token:
2025-09-03 22:08:33 [INFO]: Token:
2025-09-03 22:08:59 [INFO]: Token:
2025-09-03 22:09:02 [INFO]: Token:
2025-09-03 22:11:05 [INFO]: Token:
2025-09-03 22:11:08 [INFO]: Token:
2025-09-03 22:11:28 [INFO]: Token:
2025-09-03 22:12:16 [INFO]: Token:
2025-09-03 22:12:20 [INFO]: Token:
2025-09-03 22:12:23 [INFO]: Token:
2025-09-03 22:12:25 [INFO]: Token:
2025-09-03 22:13:24 [INFO]: Token:
2025-09-03 22:13:27 [INFO]: Token:
2025-09-03 22:13:42 [INFO]: Token:
2025-09-03 22:30:48 [INFO]: Token:
2025-09-03 22:33:30 [INFO]: Token:
2025-09-03 22:34:14 [INFO]: Token:
2025-09-03 22:34:17 [INFO]: Token:
2025-09-03 22:34:54 [INFO]: Token:
2025-09-03 22:34:57 [INFO]: Token:
2025-09-03 22:35:18 [INFO]: Token:
2025-09-03 22:35:23 [INFO]: Token:
2025-09-03 22:41:18 [INFO]: Token:
2025-09-03 22:41:22 [INFO]: Token:
2025-09-03 22:41:24 [INFO]: Token:
2025-09-03 22:41:28 [INFO]: Token:
2025-09-03 22:41:32 [INFO]: Token:
2025-09-03 22:41:34 [INFO]: Token:
2025-09-03 22:41:40 [INFO]: Token:
2025-09-03 22:41:54 [INFO]: Token:
2025-09-03 22:42:03 [INFO]: Token:
2025-09-03 22:42:05 [INFO]: Token:
2025-09-03 22:42:56 [INFO]: Token:
2025-09-03 22:42:59 [INFO]: Token:
2025-09-03 22:43:07 [INFO]: Token:
2025-09-03 22:43:10 [INFO]: Token:
2025-09-03 22:43:53 [INFO]: Token:
2025-09-03 22:43:55 [INFO]: Token:
2025-09-03 22:45:43 [INFO]: Token:
2025-09-03 22:45:45 [INFO]: Token:
2025-09-03 22:49:18 [INFO]: Token:
2025-09-03 22:49:22 [INFO]: Token:
2025-09-03 22:49:30 [INFO]: Token:
2025-09-03 22:49:34 [INFO]: Token:
2025-09-03 22:49:42 [INFO]: Token:
2025-09-03 22:49:44 [INFO]: Token:
2025-09-03 22:52:14 [INFO]: Token:
2025-09-03 22:52:20 [INFO]: Token:
2025-09-03 22:58:54 [INFO]: Token:
2025-09-03 22:59:03 [INFO]: Token:
2025-09-03 22:59:05 [INFO]: Token:
2025-09-03 22:59:11 [INFO]: Token:
2025-09-03 22:59:14 [INFO]: Token:
2025-09-03 22:59:20 [INFO]: Token:
2025-09-03 23:03:10 [INFO]: Token:
2025-09-03 23:03:16 [INFO]: Token:
2025-09-03 23:07:28 [INFO]: Token:
2025-09-03 23:07:32 [INFO]: Token:

2025-09-04 09:22:46 [INFO]: Token:
2025-09-04 09:22:49 [INFO]: Token:
2025-09-04 09:22:50 [INFO]: Token:
2025-09-04 09:22:51 [INFO]: Token:
2025-09-04 10:47:20 [INFO]: Token:
2025-09-04 10:47:22 [INFO]: Token:
2025-09-04 10:47:27 [INFO]: Token:
2025-09-04 10:47:28 [INFO]: Token:
2025-09-04 11:05:59 [INFO]: Token:
2025-09-04 11:06:02 [INFO]: Token:
2025-09-04 11:06:03 [INFO]: Token:
2025-09-04 11:06:06 [INFO]: Token:
2025-09-04 11:06:09 [INFO]: Token:
2025-09-04 11:06:09 [INFO]: Token:
2025-09-04 11:06:11 [INFO]: Token:
2025-09-04 11:06:12 [INFO]: Token:
2025-09-04 11:51:58 [INFO]: Token:
2025-09-04 11:52:02 [INFO]: Token:
2025-09-04 15:19:21 [INFO]: Token:
2025-09-04 15:19:26 [INFO]: Token:

2025-09-04 18:35:11 [INFO]: Token:
2025-09-04 18:35:18 [INFO]: Token:
2025-09-04 18:40:19 [INFO]: Token:
2025-09-04 18:40:26 [INFO]: Token:
2025-09-04 18:41:21 [INFO]: Token:
2025-09-04 18:41:26 [INFO]: Token:
2025-09-04 18:41:42 [INFO]: Token:
2025-09-04 18:41:46 [INFO]: Token:
2025-09-04 18:47:56 [INFO]: Token:
2025-09-04 18:48:05 [INFO]: Token:
2025-09-04 18:48:09 [INFO]: Token:
2025-09-04 18:48:46 [INFO]: Token:
2025-09-04 18:48:52 [INFO]: Token:
2025-09-04 18:49:21 [INFO]: Token:
2025-09-04 18:49:27 [INFO]: Token:
2025-09-04 18:49:31 [INFO]: Token:
2025-09-04 18:49:35 [INFO]: Token:
2025-09-04 18:49:38 [INFO]: Token:
2025-09-04 18:49:45 [INFO]: Token:
2025-09-04 18:50:08 [INFO]: Token:
2025-09-04 18:50:14 [INFO]: Token:
2025-09-04 18:50:16 [INFO]: Token:
2025-09-04 18:50:27 [INFO]: Token:
2025-09-04 18:50:31 [INFO]: Token:
2025-09-04 18:50:41 [INFO]: Token:
2025-09-04 18:50:44 [INFO]: Token:
2025-09-04 18:50:52 [INFO]: Token:
2025-09-04 18:50:56 [INFO]: Token:
2025-09-04 18:51:03 [INFO]: Token:
2025-09-04 18:51:08 [INFO]: Token:
2025-09-04 19:51:00 [INFO]: Token:
2025-09-04 19:51:06 [INFO]: Token:
2025-09-04 19:51:10 [INFO]: Token:
2025-09-04 19:51:17 [INFO]: Token:
2025-09-04 19:52:04 [INFO]: Token:
2025-09-04 19:52:39 [INFO]: Token:
2025-09-04 19:52:46 [INFO]: Token:
2025-09-04 19:52:53 [INFO]: Token:
2025-09-04 19:53:25 [INFO]: Token:
2025-09-04 19:53:56 [INFO]: Token:
2025-09-04 19:54:08 [INFO]: Token:
2025-09-04 19:54:40 [INFO]: Token:
2025-09-04 19:54:52 [INFO]: Token:
2025-09-04 19:55:31 [INFO]: Token:
2025-09-04 19:55:39 [INFO]: Token:
2025-09-04 19:55:47 [INFO]: Token:
2025-09-04 19:55:48 [INFO]: Token:
2025-09-04 19:59:31 [INFO]: Token:
2025-09-04 19:59:49 [INFO]: Token:
2025-09-04 19:59:54 [INFO]: Token:
2025-09-04 20:00:01 [INFO]: Token:
2025-09-04 20:00:10 [INFO]: Token:
2025-09-04 20:00:30 [INFO]: Token:
2025-09-04 20:00:31 [INFO]: Token:
2025-09-04 20:03:40 [INFO]: Token:
2025-09-04 20:05:13 [INFO]: Token:
2025-09-04 20:05:29 [INFO]: Token:
2025-09-04 20:05:35 [INFO]: Token:
2025-09-04 20:05:56 [INFO]: Token:
2025-09-04 20:06:03 [INFO]: Token:
2025-09-04 20:20:32 [INFO]: Token:
2025-09-04 20:20:39 [INFO]: Token:
2025-09-04 20:21:36 [INFO]: Token:
2025-09-04 20:21:41 [INFO]: Token:
2025-09-04 20:23:38 [INFO]: Token:
2025-09-04 20:23:42 [INFO]: Token:
2025-09-04 20:23:52 [INFO]: Token:
2025-09-04 20:23:54 [INFO]: Token:
2025-09-04 20:23:57 [INFO]: Token:
2025-09-04 20:24:01 [INFO]: Token:
2025-09-04 20:24:02 [INFO]: Token:
2025-09-04 20:24:06 [INFO]: Token:
2025-09-04 20:24:15 [INFO]: Token:
2025-09-04 20:24:20 [INFO]: Token:
2025-09-04 20:25:03 [INFO]: Token:
2025-09-04 20:25:09 [INFO]: Token:
2025-09-04 20:25:14 [INFO]: Token:
2025-09-04 20:25:19 [INFO]: Token:
2025-09-04 20:25:24 [INFO]: Token:
2025-09-04 20:25:34 [INFO]: Token:
2025-09-04 20:25:38 [INFO]: Token:
2025-09-04 20:26:59 [INFO]: Token:
2025-09-04 20:27:05 [INFO]: Token:
2025-09-04 20:27:21 [INFO]: Token:
2025-09-04 20:27:26 [INFO]: Token:
2025-09-04 20:28:39 [INFO]: Token:
2025-09-04 20:29:06 [INFO]: Token:
2025-09-04 20:30:13 [INFO]: Token:
2025-09-04 20:30:19 [INFO]: Token:
2025-09-04 20:30:27 [INFO]: Token:
2025-09-04 20:30:32 [INFO]: Token:
2025-09-04 20:30:51 [INFO]: Token:
2025-09-04 20:31:00 [INFO]: Token:
2025-09-04 20:32:04 [INFO]: Token:
2025-09-04 20:32:08 [INFO]: Token:
2025-09-04 20:34:59 [INFO]: Token:
2025-09-04 20:35:04 [INFO]: Token:
2025-09-04 20:50:25 [INFO]: Token:
2025-09-04 20:50:32 [INFO]: Token:
2025-09-04 20:50:44 [INFO]: Token:
2025-09-04 20:50:49 [INFO]: Token:
2025-09-04 20:51:01 [INFO]: Token:
2025-09-04 20:51:06 [INFO]: Token:
2025-09-04 21:19:17 [INFO]: Token:
2025-09-04 21:19:25 [INFO]: Token:
2025-09-04 21:20:31 [INFO]: Token:
2025-09-04 21:20:36 [INFO]: Token:
2025-09-04 21:24:35 [INFO]: Token:
2025-09-04 21:24:41 [INFO]: Token:
2025-09-04 21:25:25 [INFO]: Token:
2025-09-04 21:25:31 [INFO]: Token:
2025-09-04 21:25:56 [INFO]: Token:
2025-09-04 21:26:06 [INFO]: Token:
2025-09-04 21:26:55 [INFO]: Token:
2025-09-04 21:26:57 [INFO]: Token:
2025-09-04 21:27:05 [INFO]: Token:
2025-09-04 21:27:19 [INFO]: Token:
2025-09-04 21:27:22 [INFO]: Token:
2025-09-04 21:27:31 [INFO]: Token:
2025-09-04 21:27:43 [INFO]: Token:
2025-09-04 21:27:49 [INFO]: Token:
2025-09-04 21:27:51 [INFO]: Token:
2025-09-04 21:27:58 [INFO]: Token:
2025-09-04 21:28:03 [INFO]: Token:
2025-09-04 21:28:10 [INFO]: Token:
2025-09-04 21:29:53 [INFO]: Token:
2025-09-04 21:30:01 [INFO]: Token:
2025-09-04 21:55:40 [INFO]: Token:
2025-09-04 21:55:51 [INFO]: Token:
2025-09-04 21:55:57 [INFO]: Token:
2025-09-04 21:56:00 [INFO]: Token:
2025-09-04 21:56:05 [INFO]: Token:
2025-09-04 21:56:07 [INFO]: Token:
2025-09-04 21:56:08 [INFO]: Token:
2025-09-04 21:56:10 [INFO]: Token:
2025-09-04 21:56:14 [INFO]: Token:
2025-09-04 21:56:16 [INFO]: Token:
2025-09-04 21:56:20 [INFO]: Token:
2025-09-04 21:56:20 [INFO]: Token:
2025-09-04 21:56:28 [INFO]: Token:
2025-09-04 21:56:34 [INFO]: Token:
2025-09-04 21:56:47 [INFO]: Token:
2025-09-04 21:56:50 [INFO]: Token:
2025-09-04 21:56:51 [INFO]: Token:
2025-09-04 21:56:53 [INFO]: Token:
2025-09-04 21:57:06 [INFO]: Token:
2025-09-04 21:57:12 [INFO]: Token:
2025-09-04 21:57:17 [INFO]: Token:
2025-09-04 21:57:22 [INFO]: Token:
2025-09-04 22:00:41 [INFO]: Token:
2025-09-04 22:00:43 [INFO]: Token:
2025-09-04 22:01:02 [INFO]: Token:
2025-09-04 22:01:05 [INFO]: Token:
2025-09-04 22:01:07 [INFO]: Token:
2025-09-04 22:01:10 [INFO]: Token:
2025-09-04 22:03:12 [INFO]: Token:
2025-09-04 22:03:18 [INFO]: Token:
2025-09-04 22:03:40 [INFO]: Token:
2025-09-04 22:03:42 [INFO]: Token:
2025-09-04 22:03:43 [INFO]: Token:
2025-09-04 22:03:45 [INFO]: Token:
2025-09-04 22:03:54 [INFO]: Token:
2025-09-04 22:03:56 [INFO]: Token:
2025-09-04 22:04:01 [INFO]: Token:
2025-09-04 22:04:02 [INFO]: Token:
2025-09-04 22:04:02 [INFO]: Token:
2025-09-04 22:04:04 [INFO]: Token:
2025-09-04 22:04:29 [INFO]: Token:
2025-09-04 22:04:31 [INFO]: Token:
2025-09-04 22:04:33 [INFO]: Token:
2025-09-04 22:04:36 [INFO]: Token:
2025-09-04 22:06:46 [INFO]: Token:
2025-09-04 22:06:54 [INFO]: Token:
2025-09-04 22:14:09 [INFO]: Token:
2025-09-04 22:14:15 [INFO]: Token:
2025-09-04 22:14:15 [INFO]: Token:
2025-09-04 22:14:17 [INFO]: Token:
2025-09-04 22:18:00 [INFO]: Token:
2025-09-04 22:18:02 [INFO]: Token:
2025-09-04 22:18:05 [INFO]: Token:
2025-09-04 22:18:10 [INFO]: Token:
2025-09-04 22:18:34 [INFO]: Token:
2025-09-04 22:18:37 [INFO]: Token:
2025-09-04 22:18:42 [INFO]: Token:
2025-09-04 22:18:48 [INFO]: Token:
2025-09-04 22:19:20 [INFO]: Token:
2025-09-04 22:19:21 [INFO]: Token:
2025-09-04 22:29:57 [INFO]: Token:
2025-09-04 22:30:05 [INFO]: Token:
2025-09-04 22:30:12 [INFO]: Token:
2025-09-04 22:30:14 [INFO]: Token:
2025-09-04 22:30:18 [INFO]: Token:
2025-09-04 22:30:20 [INFO]: Token:
2025-09-04 22:30:21 [INFO]: Token:
2025-09-04 22:30:22 [INFO]: Token:
2025-09-04 22:30:23 [INFO]: Token:
2025-09-04 22:35:17 [INFO]: Token:
2025-09-04 22:35:22 [INFO]: Token:
2025-09-04 22:35:53 [INFO]: Token:
2025-09-04 22:36:02 [INFO]: Token:
2025-09-04 22:36:07 [INFO]: Token:
2025-09-04 22:37:04 [INFO]: Token:
2025-09-04 22:37:10 [INFO]: Token:
2025-09-04 22:37:13 [INFO]: Token:
2025-09-04 22:37:19 [INFO]: Token:
2025-09-04 22:37:41 [INFO]: Token:
2025-09-04 22:37:48 [INFO]: Token:
2025-09-04 22:37:51 [INFO]: Token:
2025-09-04 22:37:58 [INFO]: Token:
2025-09-04 22:37:59 [INFO]: Token:
2025-09-04 22:38:02 [INFO]: Token:
2025-09-04 22:38:07 [INFO]: Token:
2025-09-04 22:38:08 [INFO]: Token:
2025-09-04 22:38:09 [INFO]: Token:
2025-09-04 22:38:12 [INFO]: Token:
2025-09-04 22:38:22 [INFO]: Token:
2025-09-04 22:38:28 [INFO]: Token:
2025-09-04 22:38:33 [INFO]: Token:
2025-09-04 22:38:36 [INFO]: Token:
2025-09-04 22:38:39 [INFO]: Token:
2025-09-04 22:38:40 [INFO]: Token:
2025-09-04 22:39:18 [INFO]: Token:
2025-09-04 22:39:25 [INFO]: Token:
2025-09-04 22:39:27 [INFO]: Token:
2025-09-04 22:39:29 [INFO]: Token:
2025-09-05 00:46:38 [INFO]: Token:
2025-09-05 00:46:46 [INFO]: Token:
2025-09-05 00:52:02 [INFO]: Token:
2025-09-05 00:52:10 [INFO]: Token:
2025-09-05 00:53:35 [INFO]: Token:
2025-09-05 00:53:41 [INFO]: Token:
2025-09-05 00:53:46 [INFO]: Token:
2025-09-05 00:53:52 [INFO]: Token:
2025-09-05 00:54:11 [INFO]: Token:
2025-09-05 00:54:13 [INFO]: Token:
2025-09-05 00:54:17 [INFO]: Token:
2025-09-05 00:54:20 [INFO]: Token:
2025-09-05 00:58:06 [INFO]: Token:
2025-09-05 00:58:12 [INFO]: Token:
2025-09-05 00:58:23 [INFO]: Token:
2025-09-05 00:58:35 [INFO]: Token:
2025-09-05 01:02:44 [INFO]: Token:
2025-09-05 01:03:33 [INFO]: Token:
2025-09-05 01:03:40 [INFO]: Token:
2025-09-05 01:05:32 [INFO]: Token:
2025-09-05 01:08:30 [INFO]: Token:
2025-09-05 01:10:25 [INFO]: Token:
2025-09-05 01:10:28 [INFO]: Token:
2025-09-05 01:10:36 [INFO]: Token:
2025-09-05 01:10:40 [INFO]: Token:
2025-09-05 01:10:43 [INFO]: Token:
2025-09-05 01:10:45 [INFO]: Token:
2025-09-05 01:10:46 [INFO]: Token:
2025-09-05 01:10:47 [INFO]: Token:
2025-09-05 01:10:53 [INFO]: Token:
2025-09-05 01:10:56 [INFO]: Token:
2025-09-05 01:10:57 [INFO]: Token:
2025-09-05 01:12:27 [INFO]: Token:
2025-09-05 01:12:31 [INFO]: Token:
2025-09-05 01:12:38 [INFO]: Token:
2025-09-05 01:12:42 [INFO]: Token:
2025-09-05 01:14:48 [INFO]: Token:
2025-09-05 01:14:54 [INFO]: Token:
2025-09-05 01:15:32 [INFO]: Token:
2025-09-05 01:16:13 [INFO]: Token:
2025-09-05 01:16:18 [INFO]: Token:
2025-09-05 01:16:24 [INFO]: Token:
2025-09-05 01:16:37 [INFO]: Token:
2025-09-05 01:17:57 [INFO]: Token:
2025-09-05 01:18:04 [INFO]: Token:
2025-09-05 01:18:09 [INFO]: Token:
2025-09-05 01:18:11 [INFO]: Token:
2025-09-05 01:18:14 [INFO]: Token:
2025-09-05 01:18:45 [INFO]: Token:
2025-09-05 01:18:48 [INFO]: Token:
2025-09-05 01:18:50 [INFO]: Token:
2025-09-05 01:18:56 [INFO]: Token:
2025-09-05 01:18:57 [INFO]: Token:
2025-09-05 01:19:02 [INFO]: Token:
2025-09-05 01:19:16 [INFO]: Token:
2025-09-05 01:19:31 [INFO]: Token:
2025-09-05 01:22:43 [INFO]: Token:
2025-09-05 01:22:43 [INFO]: Token:
2025-09-05 01:22:50 [INFO]: Token:
2025-09-05 01:22:50 [INFO]: Token:
2025-09-05 01:23:17 [INFO]: Token:
2025-09-05 01:23:17 [INFO]: Token:
2025-09-05 01:23:30 [INFO]: Token:
2025-09-05 01:23:30 [INFO]: Token:
2025-09-05 01:23:39 [INFO]: Token:
2025-09-05 01:23:47 [INFO]: Token:
2025-09-05 01:23:58 [INFO]: Token:
2025-09-05 01:23:59 [INFO]: Token:
2025-09-05 01:24:38 [INFO]: Token:
2025-09-05 01:24:40 [INFO]: Token:
2025-09-05 01:24:41 [INFO]: Token:
2025-09-05 01:24:43 [INFO]: Token:
2025-09-05 01:25:10 [INFO]: Token:
2025-09-05 01:25:15 [INFO]: Token:
2025-09-05 01:26:38 [INFO]: Token:
2025-09-05 01:26:39 [INFO]: Token:
2025-09-05 01:28:28 [INFO]: Token:
2025-09-05 01:28:34 [INFO]: Token:
2025-09-05 01:33:57 [INFO]: Token:
2025-09-05 01:33:58 [INFO]: Token:
2025-09-05 01:33:58 [INFO]: Token:
2025-09-05 01:34:00 [INFO]: Token:
2025-09-05 01:34:06 [INFO]: Token:
2025-09-05 01:35:26 [INFO]: Token:
2025-09-05 01:35:32 [INFO]: Token:
2025-09-05 01:35:34 [INFO]: Token:
2025-09-05 01:35:37 [INFO]: Token:
2025-09-05 01:35:46 [INFO]: Token:
2025-09-05 01:35:49 [INFO]: Token:
2025-09-05 01:35:51 [INFO]: Token:
2025-09-05 01:35:52 [INFO]: Token:
2025-09-05 01:36:37 [INFO]: Token:
2025-09-05 01:36:40 [INFO]: Token:
2025-09-05 01:37:37 [INFO]: Token:
2025-09-05 01:37:41 [INFO]: Token:
2025-09-05 01:39:23 [INFO]: Token:
2025-09-05 01:39:30 [INFO]: Token:
2025-09-05 01:39:36 [INFO]: Token:
2025-09-05 01:39:41 [INFO]: Token:
2025-09-05 01:40:33 [INFO]: Token:
2025-09-05 01:40:41 [INFO]: Token:
2025-09-05 01:40:45 [INFO]: Token:
2025-09-05 01:40:52 [INFO]: Token:
2025-09-05 01:40:55 [INFO]: Token:
2025-09-05 01:40:57 [INFO]: Token:
2025-09-05 01:41:03 [INFO]: Token:
2025-09-05 01:41:44 [INFO]: Token:
2025-09-05 01:41:46 [INFO]: Token:
2025-09-05 01:42:34 [INFO]: Token:
2025-09-05 01:42:35 [INFO]: Token:
2025-09-05 01:42:54 [INFO]: Token:
2025-09-05 01:43:46 [INFO]: Token:
2025-09-05 01:43:52 [INFO]: Token:
2025-09-05 01:43:54 [INFO]: Token:
2025-09-05 01:44:01 [INFO]: Token:
2025-09-05 01:44:02 [INFO]: Token:
2025-09-05 01:44:05 [INFO]: Token:
2025-09-05 01:44:16 [INFO]: Token:
2025-09-05 01:44:22 [INFO]: Token:
2025-09-05 01:44:27 [INFO]: Token:
2025-09-05 01:44:30 [INFO]: Token:
2025-09-05 01:44:34 [INFO]: Token:
2025-09-05 01:44:35 [INFO]: Token:
2025-09-05 01:44:42 [INFO]: Token:
2025-09-05 01:44:50 [INFO]: Token:
2025-09-05 01:45:00 [INFO]: Token:
2025-09-05 01:45:05 [INFO]: Token:
2025-09-05 01:45:12 [INFO]: Token:
2025-09-05 01:45:16 [INFO]: Token:
2025-09-05 01:45:36 [INFO]: Token:
2025-09-05 01:45:39 [INFO]: Token:
2025-09-05 01:45:47 [INFO]: Token:
2025-09-05 01:45:52 [INFO]: Token:
2025-09-05 01:49:43 [INFO]: Token:
2025-09-05 01:49:50 [INFO]: Token:
2025-09-05 01:49:54 [INFO]: Token:
2025-09-05 01:49:59 [INFO]: Token:
2025-09-05 02:33:54 [INFO]: Token:
2025-09-05 02:34:00 [INFO]: Token:
2025-09-05 02:36:50 [INFO]: Token:
2025-09-05 02:36:54 [INFO]: Token:
2025-09-05 02:41:44 [INFO]: Token:
2025-09-05 02:42:49 [INFO]: Token:
2025-09-05 02:42:53 [INFO]: Token:
2025-09-05 02:44:55 [INFO]: Token:
2025-09-05 02:45:00 [INFO]: Token:
2025-09-05 02:45:06 [INFO]: Token:
2025-09-05 02:45:14 [INFO]: Token:
2025-09-05 02:45:32 [INFO]: Token:
2025-09-05 02:45:44 [INFO]: Token:
2025-09-05 02:48:36 [INFO]: Token:
2025-09-05 02:50:11 [INFO]: Token:
2025-09-05 02:50:17 [INFO]: Token:
2025-09-05 03:06:42 [INFO]: Token:
2025-09-05 03:06:59 [INFO]: Token:
2025-09-05 03:08:14 [INFO]: Token:
2025-09-05 03:08:55 [INFO]: Token:
2025-09-05 03:14:47 [INFO]: Token:
2025-09-05 03:14:54 [INFO]: Token:
2025-09-05 03:14:57 [INFO]: Token:
2025-09-05 03:17:12 [INFO]: Token:
2025-09-05 03:17:17 [INFO]: Token:
2025-09-05 03:17:19 [INFO]: Token:
2025-09-05 03:23:39 [INFO]: Token:
2025-09-05 03:23:43 [INFO]: Token:
2025-09-05 03:33:34 [INFO]: Token:
2025-09-05 03:33:58 [INFO]: Token:
2025-09-05 03:36:12 [INFO]: Token:
2025-09-05 03:38:51 [INFO]: Token:
2025-09-05 03:43:57 [INFO]: Token:
2025-09-05 03:44:25 [INFO]: Token:
2025-09-05 03:44:28 [INFO]: Token:
2025-09-05 03:44:30 [INFO]: Token:
2025-09-05 03:44:32 [INFO]: Token:
2025-09-05 03:44:56 [INFO]: Token:
2025-09-05 03:45:00 [INFO]: Token:
2025-09-05 03:45:10 [INFO]: Token:
2025-09-05 11:54:39 [INFO]: Token:
2025-09-05 11:54:44 [INFO]: Token:
2025-09-05 11:54:46 [INFO]: Token:
2025-09-05 11:54:49 [INFO]: Token:
2025-09-05 11:55:16 [INFO]: Token:
2025-09-05 11:55:25 [INFO]: Token:
2025-09-05 11:55:28 [INFO]: Token:
2025-09-05 11:55:39 [INFO]: Token:
2025-09-05 11:55:41 [INFO]: Token:
2025-09-05 11:55:44 [INFO]: Token:
2025-09-05 11:55:47 [INFO]: Token:
2025-09-05 12:02:37 [INFO]: Token:
2025-09-05 12:02:43 [INFO]: Token:
2025-09-05 12:02:49 [INFO]: Token:
2025-09-05 12:02:51 [INFO]: Token:
2025-09-05 12:02:54 [INFO]: Token:
2025-09-05 12:02:59 [INFO]: Token:
2025-09-05 12:03:14 [INFO]: Token:
2025-09-05 12:03:22 [INFO]: Token:
2025-09-05 12:03:29 [INFO]: Token:
2025-09-05 12:03:33 [INFO]: Token:
2025-09-05 12:04:59 [INFO]: Token:
2025-09-05 12:05:02 [INFO]: Token:
2025-09-05 12:05:05 [INFO]: Token:
2025-09-05 12:05:10 [INFO]: Token:
2025-09-05 18:10:36 [INFO]: Token:
2025-09-05 18:10:45 [INFO]: Token:
2025-09-05 18:10:54 [INFO]: Token:
2025-09-05 18:10:56 [INFO]: Token:
2025-09-05 18:11:30 [INFO]: Token:
2025-09-05 18:11:55 [INFO]: Token:
2025-09-05 18:13:19 [INFO]: Token:
2025-09-05 18:13:28 [INFO]: Token:
2025-09-05 18:13:30 [INFO]: Token:
2025-09-05 18:13:41 [INFO]: Token:
2025-09-05 18:13:46 [INFO]: Token:
2025-09-05 18:15:27 [INFO]: Token:
2025-09-05 18:15:34 [INFO]: Token:
2025-09-05 18:15:37 [INFO]: Token:
2025-09-05 18:15:51 [INFO]: Token:
2025-09-05 18:15:57 [INFO]: Token:
2025-09-05 18:16:01 [INFO]: Token:
2025-09-05 18:16:07 [INFO]: Token:
2025-09-05 18:17:45 [INFO]: Token:
2025-09-05 18:17:53 [INFO]: Token:
2025-09-05 18:17:57 [INFO]: Token:
2025-09-05 18:18:00 [INFO]: Token:
2025-09-05 18:18:07 [INFO]: Token:
2025-09-05 18:18:11 [INFO]: Token:
2025-09-05 18:18:13 [INFO]: Token:
2025-09-05 18:18:18 [INFO]: Token:
2025-09-05 18:19:29 [INFO]: Token:
2025-09-05 18:19:34 [INFO]: Token:
2025-09-05 18:19:44 [INFO]: Token:
2025-09-05 18:19:50 [INFO]: Token:
2025-09-05 18:20:00 [INFO]: Token:
2025-09-05 18:20:06 [INFO]: Token:
2025-09-05 18:20:16 [INFO]: Token:
2025-09-05 18:20:25 [INFO]: Token:
2025-09-05 18:21:36 [INFO]: Token:
2025-09-05 18:21:40 [INFO]: Token:
2025-09-05 18:21:44 [INFO]: Token:
2025-09-05 18:21:48 [INFO]: Token:
2025-09-05 18:21:59 [INFO]: Token:
2025-09-05 18:22:05 [INFO]: Token:
2025-09-05 18:23:48 [INFO]: Token:
2025-09-05 18:23:56 [INFO]: Token:
2025-09-05 18:24:24 [INFO]: Token:
2025-09-05 18:24:32 [INFO]: Token:
2025-09-05 18:24:35 [INFO]: Token:
2025-09-05 18:25:10 [INFO]: Token:
2025-09-05 18:25:18 [INFO]: Token:
2025-09-05 18:25:22 [INFO]: Token:
2025-09-05 18:27:44 [INFO]: Token:
2025-09-05 18:28:04 [INFO]: Token:
2025-09-05 18:28:11 [INFO]: Token:
2025-09-05 18:28:14 [INFO]: Token:
2025-09-05 18:29:13 [INFO]: Token:
2025-09-05 18:29:21 [INFO]: Token:
2025-09-05 18:29:24 [INFO]: Token:
2025-09-05 18:29:29 [INFO]: Token:
2025-09-05 18:29:31 [INFO]: Token:
2025-09-05 18:29:37 [INFO]: Token:
2025-09-05 18:29:42 [INFO]: Token:
2025-09-05 18:29:51 [INFO]: Token:
2025-09-05 18:29:52 [INFO]: Token:
2025-09-05 18:29:59 [INFO]: Token:
2025-09-05 18:30:07 [INFO]: Token:
2025-09-05 18:30:10 [INFO]: Token:
2025-09-05 18:30:11 [INFO]: Token:
2025-09-05 18:30:13 [INFO]: Token:
2025-09-05 18:30:17 [INFO]: Token:
2025-09-05 18:30:17 [INFO]: Token:
2025-09-05 18:30:20 [INFO]: Token:
2025-09-05 18:30:23 [INFO]: Token:
2025-09-05 18:30:26 [INFO]: Token:
2025-09-05 18:30:29 [INFO]: Token:
2025-09-05 18:30:35 [INFO]: Token:
2025-09-05 18:30:41 [INFO]: Token:
2025-09-05 18:30:46 [INFO]: Token:
2025-09-05 18:30:54 [INFO]: Token:
2025-09-05 18:30:58 [INFO]: Token:
2025-09-05 18:31:04 [INFO]: Token:
2025-09-05 18:41:13 [INFO]: Token:
2025-09-05 18:41:19 [INFO]: Token:
2025-09-05 18:41:22 [INFO]: Token:
2025-09-05 18:41:27 [INFO]: Token:
2025-09-05 18:43:11 [INFO]: Token:
2025-09-05 18:43:12 [INFO]: Token:
2025-09-05 18:43:16 [INFO]: Token:
2025-09-05 18:43:18 [INFO]: Token:
2025-09-05 18:44:54 [INFO]: Token:
2025-09-05 18:44:59 [INFO]: Token:
2025-09-05 18:45:03 [INFO]: Token:
2025-09-05 18:45:09 [INFO]: Token:
2025-09-05 18:45:11 [INFO]: Token:
2025-09-05 18:45:15 [INFO]: Token:
2025-09-05 18:45:21 [INFO]: Token:
2025-09-05 18:45:26 [INFO]: Token:
2025-09-05 18:45:37 [INFO]: Token:
2025-09-05 18:48:23 [INFO]: Token:
2025-09-05 18:48:27 [INFO]: Token:
2025-09-05 18:48:31 [INFO]: Token:
2025-09-05 18:48:35 [INFO]: Token:
2025-09-05 18:53:10 [INFO]: Token:
2025-09-05 18:53:45 [INFO]: Token:
2025-09-05 18:53:54 [INFO]: Token:
2025-09-05 18:54:04 [INFO]: Token:
2025-09-05 18:59:37 [INFO]: Token:
2025-09-05 18:59:43 [INFO]: Token:
2025-09-05 19:01:19 [INFO]: Token:
2025-09-05 19:01:25 [INFO]: Token:
2025-09-05 19:01:39 [INFO]: Token:
2025-09-05 19:01:45 [INFO]: Token:
2025-09-05 19:02:25 [INFO]: Token:
2025-09-05 19:02:35 [INFO]: Token:
2025-09-05 19:02:41 [INFO]: Token:
2025-09-05 19:04:15 [INFO]: Token:
2025-09-05 19:04:19 [INFO]: Token:
2025-09-05 19:04:30 [INFO]: Token:
2025-09-05 19:04:46 [INFO]: Token:
2025-09-05 19:07:19 [INFO]: Token:
2025-09-05 19:07:24 [INFO]: Token:
2025-09-05 19:07:27 [INFO]: Token:
2025-09-05 19:07:39 [INFO]: Token:
2025-09-05 19:07:46 [INFO]: Token:
2025-09-05 19:07:55 [INFO]: Token:
2025-09-07 20:56:31 [INFO]: Token:
2025-09-07 20:56:31 [INFO]: Token:
2025-09-07 20:56:51 [INFO]: Token:
2025-09-07 20:56:58 [INFO]: Token:
2025-09-07 20:57:01 [INFO]: Token:
2025-09-07 20:57:08 [INFO]: Token:
2025-09-07 20:57:17 [INFO]: Token:
2025-09-07 20:57:24 [INFO]: Token:
2025-09-08 16:25:07 [INFO]: Token:
2025-09-08 16:25:13 [INFO]: Token:
2025-09-08 16:28:40 [INFO]: Token:
2025-09-08 16:28:40 [INFO]: Token:
2025-09-08 16:28:43 [INFO]: Token:
2025-09-08 16:28:43 [INFO]: Token:
2025-09-08 17:04:44 [INFO]: Token:
2025-09-08 17:04:44 [INFO]: Token:
2025-09-08 17:24:21 [INFO]: Token:
2025-09-08 17:24:21 [INFO]: Token:
2025-09-08 17:24:25 [INFO]: Token:
2025-09-08 17:24:25 [INFO]: Token:
2025-09-08 17:24:26 [INFO]: Token:
2025-09-08 17:24:26 [INFO]: Token:
2025-09-08 17:24:28 [INFO]: Token:
2025-09-08 17:24:28 [INFO]: Token:
2025-09-08 17:24:29 [INFO]: Token:
2025-09-08 17:24:29 [INFO]: Token:
2025-09-08 17:25:01 [INFO]: Token:
2025-09-08 17:25:07 [INFO]: Token:
2025-09-08 17:27:19 [INFO]: Token:
2025-09-08 17:27:24 [INFO]: Token:
2025-09-08 17:50:15 [INFO]: Token:
2025-09-08 17:50:23 [INFO]: Token:
2025-09-08 17:50:28 [INFO]: Token:
2025-09-08 17:50:31 [INFO]: Token:
2025-09-08 17:50:32 [INFO]: Token:
2025-09-08 17:50:37 [INFO]: Token:
2025-09-08 17:50:38 [INFO]: Token:
2025-09-08 17:50:43 [INFO]: Token:
2025-09-08 17:50:44 [INFO]: Token:
2025-09-08 17:50:50 [INFO]: Token:
2025-09-08 19:00:03 [INFO]: Token:
2025-09-08 19:00:05 [INFO]: Token:
2025-09-08 19:00:10 [INFO]: Token:
2025-09-08 19:01:52 [INFO]: Token:
2025-09-08 19:01:57 [INFO]: Token:
2025-09-08 19:02:00 [INFO]: Token:
2025-09-08 19:02:01 [INFO]: Token:
2025-09-08 19:02:04 [INFO]: Token:
2025-09-08 19:04:43 [INFO]: Token:
2025-09-08 19:04:48 [INFO]: Token:
2025-09-08 19:06:41 [INFO]: Token:
2025-09-08 19:06:48 [INFO]: Token:
2025-09-08 19:10:06 [INFO]: Token:
2025-09-08 19:10:11 [INFO]: Token:
2025-09-08 19:12:33 [INFO]: Token:
2025-09-08 19:12:42 [INFO]: Token:
2025-09-08 21:43:36 [INFO]: Token:
2025-09-08 21:50:28 [INFO]: Token:
2025-09-08 22:07:11 [INFO]: Token:
2025-09-08 22:07:19 [INFO]: Token:
2025-09-08 22:09:15 [INFO]: Token:
2025-09-08 22:09:25 [INFO]: Token:
2025-09-08 22:09:29 [INFO]: Token:
2025-09-08 22:09:37 [INFO]: Token:
2025-09-08 22:09:43 [INFO]: Token:
2025-09-08 22:09:46 [INFO]: Token:
2025-09-08 22:09:51 [INFO]: Token:
2025-09-08 22:09:57 [INFO]: Token:
2025-09-08 22:10:03 [INFO]: Token:
2025-09-08 22:18:11 [INFO]: Token:
2025-09-08 22:18:37 [INFO]: Token:
2025-09-08 22:19:37 [INFO]: Token:
2025-09-08 22:20:20 [INFO]: Token:
2025-09-08 22:20:26 [INFO]: Token:
2025-09-08 22:20:39 [INFO]: Token:
2025-09-08 22:20:44 [INFO]: Token:
2025-09-08 22:20:51 [INFO]: Token:
2025-09-08 22:21:15 [INFO]: Token:
2025-09-08 22:21:21 [INFO]: Token:
2025-09-08 23:15:53 [INFO]: Token:
2025-09-08 23:16:01 [INFO]: Token:
2025-09-08 23:19:34 [INFO]: Token:
2025-09-08 23:19:37 [INFO]: Token:
2025-09-08 23:19:44 [INFO]: Token:
2025-09-08 23:21:46 [INFO]: Token:
2025-09-08 23:21:58 [INFO]: Token:
2025-09-08 23:22:03 [INFO]: Token:
2025-09-08 23:22:47 [INFO]: Token:
2025-09-08 23:22:53 [INFO]: Token:
2025-09-08 23:22:58 [INFO]: Token:
2025-09-08 23:26:58 [INFO]: Token:
2025-09-08 23:27:46 [INFO]: Token:
2025-09-08 23:28:30 [INFO]: Token:
2025-09-08 23:29:19 [INFO]: Token:
2025-09-08 23:29:25 [INFO]: Token:
2025-09-08 23:29:38 [INFO]: Token:
2025-09-08 23:29:44 [INFO]: Token:
2025-09-08 23:30:06 [INFO]: Token:
2025-09-08 23:30:07 [INFO]: Token:
2025-09-08 23:30:15 [INFO]: Token:
2025-09-08 23:30:32 [INFO]: Token:
2025-09-08 23:30:32 [INFO]: Token:
2025-09-08 23:30:38 [INFO]: Token:
2025-09-08 23:30:51 [INFO]: Token:
2025-09-08 23:30:57 [INFO]: Token:
2025-09-08 23:31:03 [INFO]: Token:
2025-09-08 23:31:26 [INFO]: Token:
2025-09-08 23:31:31 [INFO]: Token:
2025-09-08 23:31:31 [INFO]: Token:
2025-09-08 23:31:53 [INFO]: Token:
2025-09-08 23:31:56 [INFO]: Token:
2025-09-08 23:32:02 [INFO]: Token:
2025-09-08 23:32:09 [INFO]: Token:
2025-09-08 23:32:30 [INFO]: Token:
2025-09-08 23:32:38 [INFO]: Token:
2025-09-09 09:44:37 [INFO]: Token:
2025-09-09 09:44:42 [INFO]: Token:
2025-09-09 09:45:03 [INFO]: Token:
2025-09-09 09:45:07 [INFO]: Token:
2025-09-09 09:45:07 [INFO]: Token:
2025-09-09 09:45:11 [INFO]: Token:
2025-09-09 09:45:55 [INFO]: Token:
2025-09-09 09:45:59 [INFO]: Token:
2025-09-09 09:46:17 [INFO]: Token:
2025-09-09 09:46:21 [INFO]: Token:
2025-09-09 12:31:26 [INFO]: Token:
2025-09-09 12:32:44 [INFO]: Token:
2025-09-09 12:32:50 [INFO]: Token:
2025-09-09 13:07:09 [INFO]: Token:
2025-09-09 13:07:17 [INFO]: Token:
2025-09-09 13:07:50 [INFO]: Token:
2025-09-09 13:07:58 [INFO]: Token:
2025-09-09 13:08:03 [INFO]: Token:
2025-09-09 13:12:15 [INFO]: Token:
2025-09-09 13:12:21 [INFO]: Token:
2025-09-09 13:14:01 [INFO]: Token:
2025-09-09 13:14:06 [INFO]: Token:
2025-09-09 14:59:20 [INFO]: Token:
2025-09-09 14:59:22 [INFO]: Token:
2025-09-09 14:59:24 [INFO]: Token:
2025-09-09 15:00:01 [INFO]: Token:
2025-09-09 15:00:05 [INFO]: Token:
2025-09-09 15:00:07 [INFO]: Token:
2025-09-09 15:01:25 [INFO]: Token:
2025-09-09 15:01:34 [INFO]: Token:
2025-09-09 15:01:38 [INFO]: Token:
2025-09-09 15:01:58 [INFO]: Token:
2025-09-09 15:02:01 [INFO]: Token:
2025-09-09 15:02:03 [INFO]: Token:
2025-09-09 15:02:07 [INFO]: Token:
2025-09-09 15:02:09 [INFO]: Token:
2025-09-09 15:02:11 [INFO]: Token:
2025-09-09 15:02:12 [INFO]: Token:
2025-09-09 15:02:17 [INFO]: Token:
2025-09-09 15:02:20 [INFO]: Token:
2025-09-09 15:02:26 [INFO]: Token:
2025-09-09 15:02:29 [INFO]: Token:
2025-09-09 15:02:33 [INFO]: Token:
2025-09-09 15:02:36 [INFO]: Token:
2025-09-09 15:02:38 [INFO]: Token:
2025-09-09 15:02:43 [INFO]: Token:
2025-09-09 15:02:45 [INFO]: Token:
2025-09-09 15:02:50 [INFO]: Token:
2025-09-09 15:02:55 [INFO]: Token:
2025-09-09 15:03:01 [INFO]: Token:
2025-09-09 15:06:05 [INFO]: Token:
2025-09-09 15:06:12 [INFO]: Token:
2025-09-09 15:06:55 [INFO]: Token:
2025-09-09 15:07:29 [INFO]: Token:
2025-09-09 15:07:34 [INFO]: Token:
2025-09-09 15:07:42 [INFO]: Token:
2025-09-09 15:07:47 [INFO]: Token:
2025-09-09 15:07:53 [INFO]: Token:
2025-09-09 15:07:58 [INFO]: Token:
2025-09-09 15:08:54 [INFO]: Token:
2025-09-09 15:09:00 [INFO]: Token:
2025-09-09 15:10:14 [INFO]: Token:
2025-09-09 15:10:20 [INFO]: Token:
2025-09-09 15:10:23 [INFO]: Token:
2025-09-09 15:10:30 [INFO]: Token:
2025-09-09 15:10:34 [INFO]: Token:
2025-09-09 15:10:40 [INFO]: Token:
2025-09-09 15:12:09 [INFO]: Token:
2025-09-09 15:15:26 [INFO]: Token:
2025-09-09 15:15:27 [INFO]: Token:
2025-09-09 15:15:32 [INFO]: Token:
2025-09-09 15:15:34 [INFO]: Token:
2025-09-09 15:15:37 [INFO]: Token:
2025-09-09 15:15:42 [INFO]: Token:
2025-09-09 15:17:57 [INFO]: Token:
2025-09-09 15:18:04 [INFO]: Token:
2025-09-09 15:18:12 [INFO]: Token:
2025-09-09 15:18:23 [INFO]: Token:
2025-09-09 15:18:25 [INFO]: Token:
2025-09-09 15:18:31 [INFO]: Token:
2025-09-09 15:19:04 [INFO]: Token:
2025-09-09 15:19:10 [INFO]: Token:
2025-09-09 15:19:24 [INFO]: Token:
2025-09-09 15:19:29 [INFO]: Token:
2025-09-09 15:19:35 [INFO]: Token:
2025-09-09 15:19:40 [INFO]: Token:
2025-09-09 15:19:45 [INFO]: Token:
2025-09-09 15:19:46 [INFO]: Token:
2025-09-09 15:19:51 [INFO]: Token:
2025-09-09 15:19:52 [INFO]: Token:
2025-09-09 15:19:59 [INFO]: Token:
2025-09-09 15:20:05 [INFO]: Token:
2025-09-09 15:20:10 [INFO]: Token:
2025-09-09 15:20:15 [INFO]: Token:
2025-09-09 15:20:21 [INFO]: Token:
2025-09-09 15:20:26 [INFO]: Token:
2025-09-09 15:20:32 [INFO]: Token:
2025-09-09 15:20:53 [INFO]: Token:
2025-09-09 15:20:58 [INFO]: Token:
2025-09-09 15:21:03 [INFO]: Token:
2025-09-09 15:21:09 [INFO]: Token:
2025-09-09 15:22:16 [INFO]: Token:
2025-09-09 15:22:21 [INFO]: Token:
2025-09-09 16:03:15 [INFO]: Token:
2025-09-09 16:03:21 [INFO]: Token:
2025-09-09 16:03:26 [INFO]: Token:
2025-09-09 16:04:11 [INFO]: Token:
2025-09-09 16:04:17 [INFO]: Token:
2025-09-09 16:05:52 [INFO]: Token:
2025-09-09 16:06:00 [INFO]: Token:
2025-09-09 16:06:10 [INFO]: Token:
2025-09-09 16:06:15 [INFO]: Token:
2025-09-09 16:06:35 [INFO]: Token:
2025-09-09 16:06:47 [INFO]: Token:
2025-09-09 16:06:52 [INFO]: Token:
2025-09-09 16:06:58 [INFO]: Token:
2025-09-09 16:07:03 [INFO]: Token:
2025-09-09 16:07:13 [INFO]: Token:
2025-09-09 16:07:18 [INFO]: Token:
2025-09-09 16:30:42 [INFO]: Token:
2025-09-09 16:30:51 [INFO]: Token:
2025-09-09 16:30:55 [INFO]: Token:
2025-09-09 16:35:16 [INFO]: Token:
2025-09-09 16:35:22 [INFO]: Token:
2025-09-09 16:36:39 [INFO]: Token:
2025-09-09 16:36:43 [INFO]: Token:
2025-09-09 16:37:51 [INFO]: Token:
2025-09-09 16:37:55 [INFO]: Token:
2025-09-09 16:39:01 [INFO]: Token:
2025-09-09 16:39:05 [INFO]: Token:
2025-09-09 16:39:35 [INFO]: Token:
2025-09-09 16:39:39 [INFO]: Token:
2025-09-09 16:40:00 [INFO]: Token:
2025-09-09 16:40:04 [INFO]: Token:
2025-09-09 17:42:40 [INFO]: Token:
2025-09-09 17:42:40 [INFO]: Token:
2025-09-09 17:42:48 [INFO]: Token:
2025-09-09 17:42:48 [INFO]: Token:
2025-09-09 17:42:50 [INFO]: Token:
2025-09-09 17:42:50 [INFO]: Token:
2025-09-09 17:43:00 [INFO]: Token:
2025-09-09 17:43:00 [INFO]: Token:
2025-09-09 17:44:06 [INFO]: Token:
2025-09-09 17:44:06 [INFO]: Token:
2025-09-09 17:44:23 [INFO]: Token:
2025-09-09 17:44:23 [INFO]: Token:
2025-09-09 17:44:49 [INFO]: Token:
2025-09-09 17:44:49 [INFO]: Token:
2025-09-09 17:45:47 [INFO]: Token:
2025-09-09 17:45:47 [INFO]: Token:
2025-09-09 17:47:00 [INFO]: Token:
2025-09-09 17:47:07 [INFO]: Token:
2025-09-09 17:47:35 [INFO]: Token:
2025-09-09 17:47:42 [INFO]: Token:
2025-09-09 17:47:58 [INFO]: Token:
2025-09-09 17:48:06 [INFO]: Token:
2025-09-09 17:48:15 [INFO]: Token:
2025-09-09 17:48:19 [INFO]: Token:
2025-09-09 17:48:42 [INFO]: Token:
2025-09-09 17:48:47 [INFO]: Token:
2025-09-09 17:54:23 [INFO]: Token:
2025-09-09 17:54:27 [INFO]: Token:
2025-09-09 17:54:37 [INFO]: Token:
2025-09-09 17:54:41 [INFO]: Token:
2025-09-09 17:56:50 [INFO]: Token:
2025-09-09 17:56:53 [INFO]: Token:
2025-09-09 17:56:53 [INFO]: Token:
2025-09-09 17:56:59 [INFO]: Token:
2025-09-09 17:58:02 [INFO]: Token:
2025-09-09 17:58:09 [INFO]: Token:
2025-09-09 17:58:14 [INFO]: Token:
2025-09-09 17:58:29 [INFO]: Token:
2025-09-09 17:58:35 [INFO]: Token:
2025-09-09 17:58:47 [INFO]: Token:
2025-09-09 17:58:53 [INFO]: Token:
2025-09-09 17:59:00 [INFO]: Token:
2025-09-09 17:59:09 [INFO]: Token:
2025-09-09 17:59:19 [INFO]: Token:
2025-09-09 17:59:23 [INFO]: Token:
2025-09-23 16:00:39 [INFO]: Token:
2025-09-23 16:00:39 [INFO]: Token:
2025-09-23 20:00:00 [INFO]: Token:
2025-09-23 20:00:00 [INFO]: Token:
2025-09-23 20:00:00 [INFO]: Token:
2025-09-23 20:00:00 [INFO]: Token:
2025-09-23 20:00:00 [INFO]: Token:
2025-09-23 20:00:00 [INFO]: Token:
2025-09-23 20:00:00 [INFO]: Token:
2025-09-23 20:00:00 [INFO]: Token:
2025-09-23 20:03:51 [INFO]: Token:
2025-09-23 20:03:51 [INFO]: Token:
2025-09-23 20:03:51 [INFO]: Token:
2025-09-23 20:03:51 [INFO]: Token:
2025-09-23 20:03:51 [INFO]: Token:
2025-09-23 20:03:51 [INFO]: Token:
2025-09-23 20:03:51 [INFO]: Token:
2025-09-23 20:03:51 [INFO]: Token:
2025-09-23 20:40:21 [INFO]: Token:
2025-09-23 20:40:21 [INFO]: Token:
2025-09-23 20:40:21 [INFO]: Token:
2025-09-23 20:40:21 [INFO]: Token:
2025-09-23 20:40:21 [INFO]: Token:
2025-09-23 20:40:21 [INFO]: Token:
2025-09-23 20:40:21 [INFO]: Token:
2025-09-23 20:40:21 [INFO]: Token:
2025-09-23 20:47:26 [INFO]: Token:
2025-09-23 20:47:26 [INFO]: Token:
2025-09-23 20:47:26 [INFO]: Token:
2025-09-23 20:47:26 [INFO]: Token:
2025-09-23 20:47:26 [INFO]: Token:
2025-09-23 20:47:26 [INFO]: Token:
2025-09-23 20:47:26 [INFO]: Token:
2025-09-23 20:47:26 [INFO]: Token:
2025-09-23 21:21:09 [INFO]: Token:
2025-09-23 21:21:09 [INFO]: Token:
2025-09-23 21:21:09 [INFO]: Token:
2025-09-23 21:21:09 [INFO]: Token:
2025-09-23 21:21:09 [INFO]: Token:
2025-09-23 21:21:09 [INFO]: Token:
2025-09-23 21:21:09 [INFO]: Token:
2025-09-23 21:21:09 [INFO]: Token:
2025-09-23 21:24:34 [INFO]: Token:
2025-09-23 21:24:35 [INFO]: Token:
2025-09-23 21:24:37 [INFO]: Token:
2025-09-23 21:24:43 [INFO]: Token:
2025-09-23 21:24:49 [INFO]: Token:
2025-09-23 21:24:50 [INFO]: Token:
2025-09-23 21:24:52 [INFO]: Token:
2025-09-23 21:24:56 [INFO]: Token:
2025-09-23 21:25:02 [INFO]: Token:
2025-09-23 21:25:03 [INFO]: Token:
2025-09-23 21:25:05 [INFO]: Token:
2025-09-23 21:25:09 [INFO]: Token:
2025-09-23 21:25:29 [INFO]: Token:
2025-09-23 21:25:30 [INFO]: Token:
2025-09-23 21:25:32 [INFO]: Token:
2025-09-23 21:25:36 [INFO]: Token:
2025-09-23 21:49:27 [INFO]: Token:
2025-09-23 21:49:28 [INFO]: Token:
2025-09-23 21:49:30 [INFO]: Token:
2025-09-23 21:49:34 [INFO]: Token:
2025-09-23 21:49:40 [INFO]: Token:
2025-09-23 22:16:22 [INFO]: Token:
2025-09-24 08:02:42 [INFO]: Token:
2025-09-24 08:02:42 [INFO]: Token:
2025-09-24 08:02:42 [INFO]: Token:
2025-09-24 08:02:42 [INFO]: Token:
2025-09-24 08:02:42 [INFO]: Token:
2025-09-24 08:02:42 [INFO]: Token:
2025-09-24 08:02:42 [INFO]: Token:
2025-09-24 08:02:42 [INFO]: Token:
2025-09-24 08:24:51 [INFO]: Token:
2025-09-24 08:24:51 [INFO]: Token:
2025-09-24 08:24:51 [INFO]: Token:
2025-09-24 08:24:51 [INFO]: Token:
2025-09-24 08:24:51 [INFO]: Token:
2025-09-24 08:24:51 [INFO]: Token:
2025-09-24 08:24:51 [INFO]: Token:
2025-09-24 08:24:51 [INFO]: Token:
2025-09-24 08:25:31 [INFO]: Token:
2025-09-24 08:25:31 [INFO]: Token:
2025-09-24 08:25:31 [INFO]: Token:
2025-09-24 08:25:31 [INFO]: Token:
2025-09-24 08:25:31 [INFO]: Token:
2025-09-24 08:25:31 [INFO]: Token:
2025-09-24 08:25:31 [INFO]: Token:
2025-09-24 08:25:31 [INFO]: Token:
2025-09-24 08:31:39 [INFO]: Token:
2025-09-24 08:31:39 [INFO]: Token:
2025-09-24 08:31:39 [INFO]: Token:
2025-09-24 08:31:39 [INFO]: Token:
2025-09-24 08:31:39 [INFO]: Token:
2025-09-24 08:31:39 [INFO]: Token:
2025-09-24 08:31:39 [INFO]: Token:
2025-09-24 08:31:39 [INFO]: Token:
2025-09-24 08:48:35 [INFO]: Token:
2025-09-24 08:48:35 [INFO]: Token:
2025-09-24 08:48:35 [INFO]: Token:
2025-09-24 08:48:35 [INFO]: Token:
2025-09-24 08:48:35 [INFO]: Token:
2025-09-24 08:48:35 [INFO]: Token:
2025-09-24 08:48:35 [INFO]: Token:
2025-09-24 08:48:35 [INFO]: Token:
